═══════════════════════════════════════════════════════════════
PROJECT DELETION LOG
Date: 11/6/2025, 10:23:02 AM
═══════════════════════════════════════════════════════════════

DELETED PROJECTS:

1. TEST Menu Script (Bound) #2
   ID: 1bwLs70zTwQsJxtAqA_yNJfyANjAW5x39YEY0VJhFPMamgDwb100qtqJD
   Status: FAILED
   Error: File not found: 1bwLs70zTwQsJxtAqA_yNJfyANjAW5x39YEY0VJhFPMamgDwb100qtqJD.

2. TEST_Feature_Based_Code #1
   ID: 1kkPZU3GsCCuu5IhTEOufmDT1Cb2rSQVB3Y3u1DPf87yoSV4WVtoNvd6i
   Status: FAILED
   Error: File not found: 1kkPZU3GsCCuu5IhTEOufmDT1Cb2rSQVB3Y3u1DPf87yoSV4WVtoNvd6i.

3. TEST_Feature_Based_Code #2
   ID: 1KBkujOTXGDmmhWOFm-ifxoMjXM5pRwwM5FpFBtPWK8eoE99fr4lla1OE
   Status: FAILED
   Error: File not found: 1KBkujOTXGDmmhWOFm-ifxoMjXM5pRwwM5FpFBtPWK8eoE99fr4lla1OE.

4. TEST_Feature_Based_Code #3
   ID: 1INZy2-kQNEfEWEipSQ_WCvrvEhGgAeW4G4TM61W2ajNp_63G39KLPm4Y
   Status: FAILED
   Error: File not found: 1INZy2-kQNEfEWEipSQ_WCvrvEhGgAeW4G4TM61W2ajNp_63G39KLPm4Y.

═══════════════════════════════════════════════════════════════
